INDEX        ANGLES  MOLECULES   TYPE NAME: SMIRKS                                 
    1 :       1499         42 | 0: [*:1]~[*:2]~[*:3]                              
TOTAL :       1499         42
removing unused element ([#5]) from list
removing unused element ([#7]) from list
removing unused element ([#9]) from list
removing unused element ([#14]) from list
removing unused element ([#15]) from list
removing unused element ([#16]) from list
removing unused element ([#17]) from list
removing unused element ([#35]) from list
removing unused element ([#53]) from list
Iteration 0 / 150
Attempting to create new subtype: '5181' ([*:1]~[*;R4:2]~[*:3]) from parent type '0' ([*:1]~[*:2]~[*:3])
Type '5181' ([*:1]~[*;R4:2]~[*:3]) unused in dataset; rejecting.
Rejected.INDEX        ANGLES  MOLECULES   TYPE NAME: SMIRKS                                 
    1 :       1499         42 | 0: [*:1]~[*:2]~[*:3]                              
TOTAL :       1499         42

Angle type hierarchy: will go HERE
Iteration 1 / 150
Attempting to destroy type 0 : [*:1]~[*:2]~[*:3]...
Destruction rejected for type 0 because this is a generic type which was initially populated.
Rejected.INDEX        ANGLES  MOLECULES   TYPE NAME: SMIRKS                                 
    1 :       1499         42 | 0: [*:1]~[*:2]~[*:3]                              
TOTAL :       1499         42

Angle type hierarchy: will go HERE
Iteration 2 / 150
Attempting to create new subtype: '7810' ([*;!A:1]~[*:2]~[*:3]) from parent type '0' ([*:1]~[*:2]~[*:3])
Type '7810' ([*;!A:1]~[*:2]~[*:3]) unused in dataset; rejecting.
Rejected.INDEX        ANGLES  MOLECULES   TYPE NAME: SMIRKS                                 
    1 :       1499         42 | 0: [*:1]~[*:2]~[*:3]                              
TOTAL :       1499         42

Angle type hierarchy: will go HERE
Iteration 3 / 150
Attempting to destroy type 0 : [*:1]~[*:2]~[*:3]...
Destruction rejected for type 0 because this is a generic type which was initially populated.
Rejected.INDEX        ANGLES  MOLECULES   TYPE NAME: SMIRKS                                 
    1 :       1499         42 | 0: [*:1]~[*:2]~[*:3]                              
TOTAL :       1499         42

Angle type hierarchy: will go HERE
Iteration 4 / 150
Attempting to destroy type 0 : [*:1]~[*:2]~[*:3]...
Destruction rejected for type 0 because this is a generic type which was initially populated.
Rejected.INDEX        ANGLES  MOLECULES   TYPE NAME: SMIRKS                                 
    1 :       1499         42 | 0: [*:1]~[*:2]~[*:3]                              
TOTAL :       1499         42

Angle type hierarchy: will go HERE
Iteration 5 / 150
Attempting to create new subtype: '9018' ([*:1]!:[*:2]~[*:3]) from parent type '0' ([*:1]~[*:2]~[*:3])
Proposal is valid...
Accepted.Iteration 6 / 150
Attempting to destroy type 0 : [*:1]~[*:2]~[*:3]...
Destruction rejected for type 0 because this is a generic type which was initially populated.
Rejected.INDEX        ANGLES  MOLECULES   TYPE NAME: SMIRKS                                 
    1 :          0          0 | 0: [*:1]~[*:2]~[*:3]                              
    2 :       1499         42 | 9018: [*:1]!:[*:2]~[*:3]                          
TOTAL :       1499         42

Angle type hierarchy: will go HERE
Iteration 7 / 150
Attempting to create new subtype: '7482' ([*:1]~[*:2]~[*;!H1:3]) from parent type '0' ([*:1]~[*:2]~[*:3])
Proposal is valid...
Accepted.Iteration 8 / 150
Attempting to destroy type 9018 : [*:1]!:[*:2]~[*:3]...
Proposal is valid...
Accepted.Iteration 9 / 150
Attempting to create new subtype: '1436' ([*:1]~[*;R1:2]~[*;!H1:3]) from parent type '7482' ([*:1]~[*:2]~[*;!H1:3])
Type '1436' ([*:1]~[*;R1:2]~[*;!H1:3]) unused in dataset; rejecting.
Rejected.INDEX        ANGLES  MOLECULES   TYPE NAME: SMIRKS                                 
    1 :         36         26 | 0: [*:1]~[*:2]~[*:3]                              
    2 :       1463         42 | 7482: [*:1]~[*:2]~[*;!H1:3]                       
TOTAL :       1499         42

Angle type hierarchy: will go HERE
Iteration 10 / 150
Attempting to create new subtype: '1991' ([*:1]~[*;H0:2]~[*;!H1:3]) from parent type '7482' ([*:1]~[*:2]~[*;!H1:3])
Proposal is valid...
Accepted.Iteration 11 / 150
Attempting to destroy type 0 : [*:1]~[*:2]~[*:3]...
Destruction rejected for type 0 because this is a generic type which was initially populated.
Rejected.INDEX        ANGLES  MOLECULES   TYPE NAME: SMIRKS                                 
    1 :         36         26 | 0: [*:1]~[*:2]~[*:3]                              
    2 :       1433         42 | 7482: [*:1]~[*:2]~[*;!H1:3]                       
    3 :         30         25 | 1991: [*:1]~[*;H0:2]~[*;!H1:3]                    
TOTAL :       1499         42

Angle type hierarchy: will go HERE
Iteration 12 / 150
Attempting to create new subtype: '2612' ([*;H3:1]~[*;H0:2]~[*;!H1:3]) from parent type '1991' ([*:1]~[*;H0:2]~[*;!H1:3])
Type '2612' ([*;H3:1]~[*;H0:2]~[*;!H1:3]) unused in dataset; rejecting.
Rejected.INDEX        ANGLES  MOLECULES   TYPE NAME: SMIRKS                                 
    1 :         36         26 | 0: [*:1]~[*:2]~[*:3]                              
    2 :       1433         42 | 7482: [*:1]~[*:2]~[*;!H1:3]                       
    3 :         30         25 | 1991: [*:1]~[*;H0:2]~[*;!H1:3]                    
TOTAL :       1499         42

Angle type hierarchy: will go HERE
Iteration 13 / 150
Attempting to create new subtype: '2607' ([*:1]~[*;!X2:2]~[*;!H1:3]) from parent type '1991' ([*:1]~[*;H0:2]~[*;!H1:3])
Proposal is valid...
Accepted.Iteration 14 / 150
Attempting to destroy type 7482 : [*:1]~[*:2]~[*;!H1:3]...
Proposal is valid...
Accepted.Iteration 15 / 150
Attempting to destroy type 1991 : [*:1]~[*;H0:2]~[*;!H1:3]...
Proposal is valid...
Accepted.Iteration 16 / 150
Attempting to destroy type 2607 : [*:1]~[*;!X2:2]~[*;!H1:3]...
Proposal is valid...
Accepted.Iteration 17 / 150
Attempting to create new subtype: '2772' ([$ewg2&!H0:1]~[*:2]~[*:3]) from parent type '0' ([*:1]~[*:2]~[*:3])
Proposal is valid...
Accepted.Iteration 18 / 150
Attempting to create new subtype: '6679' ([$ewg2&!H0:1]~[*:2]~[*;!H1:3]) from parent type '2772' ([$ewg2&!H0:1]~[*:2]~[*:3])
Proposal is valid...
Accepted.Iteration 19 / 150
Attempting to destroy type 2772 : [$ewg2&!H0:1]~[*:2]~[*:3]...
Proposal is valid...
Accepted.Iteration 20 / 150
Attempting to destroy type 0 : [*:1]~[*:2]~[*:3]...
Destruction rejected for type 0 because this is a generic type which was initially populated.
Rejected.INDEX        ANGLES  MOLECULES   TYPE NAME: SMIRKS                                 
    1 :       1311         42 | 0: [*:1]~[*:2]~[*:3]                              
    2 :        188         42 | 6679: [$ewg2&!H0:1]~[*:2]~[*;!H1:3]               
TOTAL :       1499         42

Angle type hierarchy: will go HERE
Iteration 21 / 150
Attempting to destroy type 6679 : [$ewg2&!H0:1]~[*:2]~[*;!H1:3]...
Proposal is valid...
Accepted.Iteration 22 / 150
Attempting to create new subtype: '2918' ([*:1]~[*:2]~[*:3]!#[#1X1]) from parent type '0' ([*:1]~[*:2]~[*:3])
Proposal is valid...
Accepted.Iteration 23 / 150
Attempting to create new subtype: '4003' ([*:1]~[*:2]~[$ewg1&!H3:3]) from parent type '0' ([*:1]~[*:2]~[*:3])
Proposal is valid...
Accepted.Iteration 24 / 150
Attempting to create new subtype: '6157' ([*:1]~[*:2]~[*:3]!#[*]) from parent type '2918' ([*:1]~[*:2]~[*:3]!#[#1X1])
Parent type '2918' ([*:1]~[*:2]~[*:3]!#[#1X1]) now unused in dataset; rejecting.
Rejected.INDEX        ANGLES  MOLECULES   TYPE NAME: SMIRKS                                 
    1 :        164         42 | 0: [*:1]~[*:2]~[*:3]                              
    2 :        936         42 | 2918: [*:1]~[*:2]~[*:3]!#[#1X1]                   
    3 :        399         42 | 4003: [*:1]~[*:2]~[$ewg1&!H3:3]                   
TOTAL :       1499         42

Angle type hierarchy: will go HERE
Iteration 25 / 150
Attempting to create new subtype: '6862' ([$ewg1&R2:1]~[*:2]~[*:3]) from parent type '0' ([*:1]~[*:2]~[*:3])
Proposal is valid...
Accepted.Iteration 26 / 150
Attempting to destroy type 0 : [*:1]~[*:2]~[*:3]...
Destruction rejected for type 0 because this is a generic type which was initially populated.
Rejected.INDEX        ANGLES  MOLECULES   TYPE NAME: SMIRKS                                 
    1 :        164         42 | 0: [*:1]~[*:2]~[*:3]                              
    2 :        936         42 | 2918: [*:1]~[*:2]~[*:3]!#[#1X1]                   
    3 :        171         42 | 4003: [*:1]~[*:2]~[$ewg1&!H3:3]                   
    4 :        228         30 | 6862: [$ewg1&R2:1]~[*:2]~[*:3]                    
TOTAL :       1499         42

Angle type hierarchy: will go HERE
Iteration 27 / 150
Attempting to destroy type 2918 : [*:1]~[*:2]~[*:3]!#[#1X1]...
Proposal is valid...
Accepted.Iteration 28 / 150
Attempting to create new subtype: '7884' ([$ewg1&R2:1]~[$ewg2&!R1:2]~[*:3]) from parent type '6862' ([$ewg1&R2:1]~[*:2]~[*:3])
Type '7884' ([$ewg1&R2:1]~[$ewg2&!R1:2]~[*:3]) unused in dataset; rejecting.
Rejected.INDEX        ANGLES  MOLECULES   TYPE NAME: SMIRKS                                 
    1 :       1100         42 | 0: [*:1]~[*:2]~[*:3]                              
    2 :        171         42 | 4003: [*:1]~[*:2]~[$ewg1&!H3:3]                   
    3 :        228         30 | 6862: [$ewg1&R2:1]~[*:2]~[*:3]                    
TOTAL :       1499         42

Angle type hierarchy: will go HERE
Iteration 29 / 150
Attempting to create new subtype: '6277' ([*:1]~[*:2]~[$ewg1&!H3;X4:3]) from parent type '4003' ([*:1]~[*:2]~[$ewg1&!H3:3])
Type '6277' ([*:1]~[*:2]~[$ewg1&!H3;X4:3]) unused in dataset; rejecting.
Rejected.INDEX        ANGLES  MOLECULES   TYPE NAME: SMIRKS                                 
    1 :       1100         42 | 0: [*:1]~[*:2]~[*:3]                              
    2 :        171         42 | 4003: [*:1]~[*:2]~[$ewg1&!H3:3]                   
    3 :        228         30 | 6862: [$ewg1&R2:1]~[*:2]~[*:3]                    
TOTAL :       1499         42

Angle type hierarchy: will go HERE
Iteration 30 / 150
Attempting to create new subtype: '6722' ([$ewg1&R2:1]-[*:2]~[*:3]) from parent type '6862' ([$ewg1&R2:1]~[*:2]~[*:3])
Parent type '6862' ([$ewg1&R2:1]~[*:2]~[*:3]) now unused in dataset; rejecting.
Rejected.INDEX        ANGLES  MOLECULES   TYPE NAME: SMIRKS                                 
    1 :       1100         42 | 0: [*:1]~[*:2]~[*:3]                              
    2 :        171         42 | 4003: [*:1]~[*:2]~[$ewg1&!H3:3]                   
    3 :        228         30 | 6862: [$ewg1&R2:1]~[*:2]~[*:3]                    
TOTAL :       1499         42

Angle type hierarchy: will go HERE
Iteration 31 / 150
Attempting to destroy type 4003 : [*:1]~[*:2]~[$ewg1&!H3:3]...
Proposal is valid...
Accepted.Iteration 32 / 150
Attempting to destroy type 6862 : [$ewg1&R2:1]~[*:2]~[*:3]...
Proposal is valid...
Accepted.Iteration 33 / 150
Attempting to destroy type 0 : [*:1]~[*:2]~[*:3]...
Destruction rejected for type 0 because this is a generic type which was initially populated.
Rejected.INDEX        ANGLES  MOLECULES   TYPE NAME: SMIRKS                                 
    1 :       1499         42 | 0: [*:1]~[*:2]~[*:3]                              
TOTAL :       1499         42

Angle type hierarchy: will go HERE
Iteration 34 / 150
Attempting to destroy type 0 : [*:1]~[*:2]~[*:3]...
Destruction rejected for type 0 because this is a generic type which was initially populated.
Rejected.INDEX        ANGLES  MOLECULES   TYPE NAME: SMIRKS                                 
    1 :       1499         42 | 0: [*:1]~[*:2]~[*:3]                              
TOTAL :       1499         42

Angle type hierarchy: will go HERE
Iteration 35 / 150
Attempting to create new subtype: '9300' ([*:1]~[*:2](:[#6!R4])~[*:3]) from parent type '0' ([*:1]~[*:2]~[*:3])
Type '9300' ([*:1]~[*:2](:[#6!R4])~[*:3]) unused in dataset; rejecting.
Rejected.INDEX        ANGLES  MOLECULES   TYPE NAME: SMIRKS                                 
    1 :       1499         42 | 0: [*:1]~[*:2]~[*:3]                              
TOTAL :       1499         42

Angle type hierarchy: will go HERE
Iteration 36 / 150
Attempting to destroy type 0 : [*:1]~[*:2]~[*:3]...
Destruction rejected for type 0 because this is a generic type which was initially populated.
Rejected.INDEX        ANGLES  MOLECULES   TYPE NAME: SMIRKS                                 
    1 :       1499         42 | 0: [*:1]~[*:2]~[*:3]                              
TOTAL :       1499         42

Angle type hierarchy: will go HERE
Iteration 37 / 150
Attempting to destroy type 0 : [*:1]~[*:2]~[*:3]...
Destruction rejected for type 0 because this is a generic type which was initially populated.
Rejected.INDEX        ANGLES  MOLECULES   TYPE NAME: SMIRKS                                 
    1 :       1499         42 | 0: [*:1]~[*:2]~[*:3]                              
TOTAL :       1499         42

Angle type hierarchy: will go HERE
Iteration 38 / 150
Attempting to destroy type 0 : [*:1]~[*:2]~[*:3]...
Destruction rejected for type 0 because this is a generic type which was initially populated.
Rejected.INDEX        ANGLES  MOLECULES   TYPE NAME: SMIRKS                                 
    1 :       1499         42 | 0: [*:1]~[*:2]~[*:3]                              
TOTAL :       1499         42

Angle type hierarchy: will go HERE
Iteration 39 / 150
Attempting to create new subtype: '4416' ([*:1]=[*:2]~[*:3]) from parent type '0' ([*:1]~[*:2]~[*:3])
Type '4416' ([*:1]=[*:2]~[*:3]) unused in dataset; rejecting.
Rejected.INDEX        ANGLES  MOLECULES   TYPE NAME: SMIRKS                                 
    1 :       1499         42 | 0: [*:1]~[*:2]~[*:3]                              
TOTAL :       1499         42

Angle type hierarchy: will go HERE
Iteration 40 / 150
Attempting to destroy type 0 : [*:1]~[*:2]~[*:3]...
Destruction rejected for type 0 because this is a generic type which was initially populated.
Rejected.INDEX        ANGLES  MOLECULES   TYPE NAME: SMIRKS                                 
    1 :       1499         42 | 0: [*:1]~[*:2]~[*:3]                              
TOTAL :       1499         42

Angle type hierarchy: will go HERE
Iteration 41 / 150
Attempting to destroy type 0 : [*:1]~[*:2]~[*:3]...
Destruction rejected for type 0 because this is a generic type which was initially populated.
Rejected.INDEX        ANGLES  MOLECULES   TYPE NAME: SMIRKS                                 
    1 :       1499         42 | 0: [*:1]~[*:2]~[*:3]                              
TOTAL :       1499         42

Angle type hierarchy: will go HERE
Iteration 42 / 150
Attempting to create new subtype: '3879' ([*:1]~[*:2]~[*:3]!#[$ewg2&!a]) from parent type '0' ([*:1]~[*:2]~[*:3])
Proposal is valid...
Accepted.Iteration 43 / 150
Attempting to create new subtype: '1466' ([*:1]~[$ewg2&r5:2]~[*:3]!#[$ewg2&!a]) from parent type '3879' ([*:1]~[*:2]~[*:3]!#[$ewg2&!a])
Proposal is valid...
Accepted.Iteration 44 / 150
Attempting to destroy type 0 : [*:1]~[*:2]~[*:3]...
Destruction rejected for type 0 because this is a generic type which was initially populated.
Rejected.INDEX        ANGLES  MOLECULES   TYPE NAME: SMIRKS                                 
    1 :       1032         42 | 0: [*:1]~[*:2]~[*:3]                              
    2 :        460         42 | 3879: [*:1]~[*:2]~[*:3]!#[$ewg2&!a]               
    3 :          7          5 | 1466: [*:1]~[$ewg2&r5:2]~[*:3]!#[$ewg2&!a]        
TOTAL :       1499         42

Angle type hierarchy: will go HERE
Iteration 45 / 150
Attempting to destroy type 3879 : [*:1]~[*:2]~[*:3]!#[$ewg2&!a]...
Proposal is valid...
Accepted.Iteration 46 / 150
Attempting to create new subtype: '2239' ([*:1]~[*:2]~[$ewg2&+1:3]) from parent type '0' ([*:1]~[*:2]~[*:3])
Type '2239' ([*:1]~[*:2]~[$ewg2&+1:3]) unused in dataset; rejecting.
Rejected.INDEX        ANGLES  MOLECULES   TYPE NAME: SMIRKS                                 
    1 :       1492         42 | 0: [*:1]~[*:2]~[*:3]                              
    2 :          7          5 | 1466: [*:1]~[$ewg2&r5:2]~[*:3]!#[$ewg2&!a]        
TOTAL :       1499         42

Angle type hierarchy: will go HERE
Iteration 47 / 150
Attempting to destroy type 0 : [*:1]~[*:2]~[*:3]...
Destruction rejected for type 0 because this is a generic type which was initially populated.
Rejected.INDEX        ANGLES  MOLECULES   TYPE NAME: SMIRKS                                 
    1 :       1492         42 | 0: [*:1]~[*:2]~[*:3]                              
    2 :          7          5 | 1466: [*:1]~[$ewg2&r5:2]~[*:3]!#[$ewg2&!a]        
TOTAL :       1499         42

Angle type hierarchy: will go HERE
Iteration 48 / 150
Attempting to destroy type 0 : [*:1]~[*:2]~[*:3]...
Destruction rejected for type 0 because this is a generic type which was initially populated.
Rejected.INDEX        ANGLES  MOLECULES   TYPE NAME: SMIRKS                                 
    1 :       1492         42 | 0: [*:1]~[*:2]~[*:3]                              
    2 :          7          5 | 1466: [*:1]~[$ewg2&r5:2]~[*:3]!#[$ewg2&!a]        
TOTAL :       1499         42

Angle type hierarchy: will go HERE
Iteration 49 / 150
Attempting to create new subtype: '4867' ([*:1]-[$ewg2&r5:2]~[*:3]!#[$ewg2&!a]) from parent type '1466' ([*:1]~[$ewg2&r5:2]~[*:3]!#[$ewg2&!a])
Parent type '1466' ([*:1]~[$ewg2&r5:2]~[*:3]!#[$ewg2&!a]) now unused in dataset; rejecting.
Rejected.INDEX        ANGLES  MOLECULES   TYPE NAME: SMIRKS                                 
    1 :       1492         42 | 0: [*:1]~[*:2]~[*:3]                              
    2 :          7          5 | 1466: [*:1]~[$ewg2&r5:2]~[*:3]!#[$ewg2&!a]        
TOTAL :       1499         42

Angle type hierarchy: will go HERE
Iteration 50 / 150
Attempting to destroy type 1466 : [*:1]~[$ewg2&r5:2]~[*:3]!#[$ewg2&!a]...
Proposal is valid...
Accepted.Iteration 51 / 150
Attempting to create new subtype: '9872' ([*:1]~[*;R4:2]~[*:3]) from parent type '0' ([*:1]~[*:2]~[*:3])
Type '9872' ([*:1]~[*;R4:2]~[*:3]) unused in dataset; rejecting.
Rejected.INDEX        ANGLES  MOLECULES   TYPE NAME: SMIRKS                                 
    1 :       1499         42 | 0: [*:1]~[*:2]~[*:3]                              
TOTAL :       1499         42

Angle type hierarchy: will go HERE
Iteration 52 / 150
Attempting to create new subtype: '6554' ([*:1]~[*:2]~[#8H1:3]) from parent type '0' ([*:1]~[*:2]~[*:3])
Proposal is valid...
Accepted.Iteration 53 / 150
Attempting to destroy type 6554 : [*:1]~[*:2]~[#8H1:3]...
Proposal is valid...
Accepted.Iteration 54 / 150
Attempting to destroy type 0 : [*:1]~[*:2]~[*:3]...
Destruction rejected for type 0 because this is a generic type which was initially populated.
Rejected.INDEX        ANGLES  MOLECULES   TYPE NAME: SMIRKS                                 
    1 :       1499         42 | 0: [*:1]~[*:2]~[*:3]                              
TOTAL :       1499         42

Angle type hierarchy: will go HERE
Iteration 55 / 150
Attempting to destroy type 0 : [*:1]~[*:2]~[*:3]...
Destruction rejected for type 0 because this is a generic type which was initially populated.
Rejected.INDEX        ANGLES  MOLECULES   TYPE NAME: SMIRKS                                 
    1 :       1499         42 | 0: [*:1]~[*:2]~[*:3]                              
TOTAL :       1499         42

Angle type hierarchy: will go HERE
Iteration 56 / 150
Attempting to create new subtype: '8985' ([*:1]~[*:2]!-[*:3]) from parent type '0' ([*:1]~[*:2]~[*:3])
Type '8985' ([*:1]~[*:2]!-[*:3]) unused in dataset; rejecting.
Rejected.INDEX        ANGLES  MOLECULES   TYPE NAME: SMIRKS                                 
    1 :       1499         42 | 0: [*:1]~[*:2]~[*:3]                              
TOTAL :       1499         42

Angle type hierarchy: will go HERE
Iteration 57 / 150
Attempting to create new subtype: '3924' ([*;-1:1]~[*:2]~[*:3]) from parent type '0' ([*:1]~[*:2]~[*:3])
Type '3924' ([*;-1:1]~[*:2]~[*:3]) unused in dataset; rejecting.
Rejected.INDEX        ANGLES  MOLECULES   TYPE NAME: SMIRKS                                 
    1 :       1499         42 | 0: [*:1]~[*:2]~[*:3]                              
TOTAL :       1499         42

Angle type hierarchy: will go HERE
Iteration 58 / 150
Attempting to destroy type 0 : [*:1]~[*:2]~[*:3]...
Destruction rejected for type 0 because this is a generic type which was initially populated.
Rejected.INDEX        ANGLES  MOLECULES   TYPE NAME: SMIRKS                                 
    1 :       1499         42 | 0: [*:1]~[*:2]~[*:3]                              
TOTAL :       1499         42

Angle type hierarchy: will go HERE
Iteration 59 / 150
Attempting to destroy type 0 : [*:1]~[*:2]~[*:3]...
Destruction rejected for type 0 because this is a generic type which was initially populated.
Rejected.INDEX        ANGLES  MOLECULES   TYPE NAME: SMIRKS                                 
    1 :       1499         42 | 0: [*:1]~[*:2]~[*:3]                              
TOTAL :       1499         42

Angle type hierarchy: will go HERE
Iteration 60 / 150
Attempting to create new subtype: '4387' ([*:1]~[*:2]~[#8H0:3]) from parent type '0' ([*:1]~[*:2]~[*:3])
Proposal is valid...
Accepted.Iteration 61 / 150
Attempting to create new subtype: '2802' ([#8!R1:1]~[*:2]~[*:3]) from parent type '0' ([*:1]~[*:2]~[*:3])
Proposal is valid...
Accepted.Iteration 62 / 150
Attempting to destroy type 2802 : [#8!R1:1]~[*:2]~[*:3]...
Proposal is valid...
Accepted.Iteration 63 / 150
Attempting to destroy type 4387 : [*:1]~[*:2]~[#8H0:3]...
Proposal is valid...
Accepted.Iteration 64 / 150
Attempting to create new subtype: '1498' ([*:1]~[*:2](=[#1!X3])~[*:3]) from parent type '0' ([*:1]~[*:2]~[*:3])
Type '1498' ([*:1]~[*:2](=[#1!X3])~[*:3]) unused in dataset; rejecting.
Rejected.INDEX        ANGLES  MOLECULES   TYPE NAME: SMIRKS                                 
    1 :       1499         42 | 0: [*:1]~[*:2]~[*:3]                              
TOTAL :       1499         42

Angle type hierarchy: will go HERE
Iteration 65 / 150
Attempting to create new subtype: '3435' ([*;!H0:1]~[*:2]~[*:3]) from parent type '0' ([*:1]~[*:2]~[*:3])
Proposal is valid...
Accepted.Iteration 66 / 150
Attempting to destroy type 0 : [*:1]~[*:2]~[*:3]...
Destruction rejected for type 0 because this is a generic type which was initially populated.
Rejected.INDEX        ANGLES  MOLECULES   TYPE NAME: SMIRKS                                 
    1 :        293         42 | 0: [*:1]~[*:2]~[*:3]                              
    2 :       1206         42 | 3435: [*;!H0:1]~[*:2]~[*:3]                       
TOTAL :       1499         42

Angle type hierarchy: will go HERE
Iteration 67 / 150
Attempting to create new subtype: '3201' ([#6H2:1]~[*:2]~[*:3]) from parent type '0' ([*:1]~[*:2]~[*:3])
Proposal is valid...
Accepted.Iteration 68 / 150
Attempting to create new subtype: '1822' ([#6H2;!H2:1]~[*:2]~[*:3]) from parent type '3201' ([#6H2:1]~[*:2]~[*:3])
Type '1822' ([#6H2;!H2:1]~[*:2]~[*:3]) unused in dataset; rejecting.
Rejected.INDEX        ANGLES  MOLECULES   TYPE NAME: SMIRKS                                 
    1 :        293         42 | 0: [*:1]~[*:2]~[*:3]                              
    2 :        410         42 | 3435: [*;!H0:1]~[*:2]~[*:3]                       
    3 :        796         42 | 3201: [#6H2:1]~[*:2]~[*:3]                        
TOTAL :       1499         42

Angle type hierarchy: will go HERE
Iteration 69 / 150
Attempting to create new subtype: '2186' ([*;!H0:1]~[*:2]~[*:3]!=[#8!H3]) from parent type '3435' ([*;!H0:1]~[*:2]~[*:3])
Proposal is valid...
Accepted.Iteration 70 / 150
Attempting to create new subtype: '1239' ([*;!H0:1]~[*:2]~[*:3]!=!#[#8!H3]) from parent type '2186' ([*;!H0:1]~[*:2]~[*:3]!=[#8!H3])
Parent type '2186' ([*;!H0:1]~[*:2]~[*:3]!=[#8!H3]) now unused in dataset; rejecting.
Rejected.INDEX        ANGLES  MOLECULES   TYPE NAME: SMIRKS                                 
    1 :        293         42 | 0: [*:1]~[*:2]~[*:3]                              
    2 :        374         42 | 3435: [*;!H0:1]~[*:2]~[*:3]                       
    3 :        671         42 | 3201: [#6H2:1]~[*:2]~[*:3]                        
    4 :        161         42 | 2186: [*;!H0:1]~[*:2]~[*:3]!=[#8!H3]              
TOTAL :       1499         42

Angle type hierarchy: will go HERE
Iteration 71 / 150
Attempting to destroy type 2186 : [*;!H0:1]~[*:2]~[*:3]!=[#8!H3]...
Proposal is valid...
Accepted.Iteration 72 / 150
Attempting to destroy type 3201 : [#6H2:1]~[*:2]~[*:3]...
Proposal is valid...
Accepted.Iteration 73 / 150
Attempting to destroy type 0 : [*:1]~[*:2]~[*:3]...
Destruction rejected for type 0 because this is a generic type which was initially populated.
Rejected.INDEX        ANGLES  MOLECULES   TYPE NAME: SMIRKS                                 
    1 :        293         42 | 0: [*:1]~[*:2]~[*:3]                              
    2 :       1206         42 | 3435: [*;!H0:1]~[*:2]~[*:3]                       
TOTAL :       1499         42

Angle type hierarchy: will go HERE
Iteration 74 / 150
Attempting to create new subtype: '9592' ([*:1]~[*;!H3:2]~[*:3]) from parent type '0' ([*:1]~[*:2]~[*:3])
Proposal is valid...
Accepted.Iteration 75 / 150
Attempting to destroy type 3435 : [*;!H0:1]~[*:2]~[*:3]...
Proposal is valid...
Accepted.Iteration 76 / 150
Attempting to destroy type 0 : [*:1]~[*:2]~[*:3]...
Destruction rejected for type 0 because this is a generic type which was initially populated.
Rejected.INDEX        ANGLES  MOLECULES   TYPE NAME: SMIRKS                                 
    1 :          0          0 | 0: [*:1]~[*:2]~[*:3]                              
    2 :       1499         42 | 9592: [*:1]~[*;!H3:2]~[*:3]                       
TOTAL :       1499         42

Angle type hierarchy: will go HERE
Iteration 77 / 150
Attempting to destroy type 0 : [*:1]~[*:2]~[*:3]...
Destruction rejected for type 0 because this is a generic type which was initially populated.
Rejected.INDEX        ANGLES  MOLECULES   TYPE NAME: SMIRKS                                 
    1 :          0          0 | 0: [*:1]~[*:2]~[*:3]                              
    2 :       1499         42 | 9592: [*:1]~[*;!H3:2]~[*:3]                       
TOTAL :       1499         42

Angle type hierarchy: will go HERE
Iteration 78 / 150
Attempting to destroy type 0 : [*:1]~[*:2]~[*:3]...
Destruction rejected for type 0 because this is a generic type which was initially populated.
Rejected.INDEX        ANGLES  MOLECULES   TYPE NAME: SMIRKS                                 
    1 :          0          0 | 0: [*:1]~[*:2]~[*:3]                              
    2 :       1499         42 | 9592: [*:1]~[*;!H3:2]~[*:3]                       
TOTAL :       1499         42

Angle type hierarchy: will go HERE
Iteration 79 / 150
Attempting to create new subtype: '5392' ([*;H3:1]~[*;!H3:2]~[*:3]) from parent type '9592' ([*:1]~[*;!H3:2]~[*:3])
Type '5392' ([*;H3:1]~[*;!H3:2]~[*:3]) unused in dataset; rejecting.
Rejected.INDEX        ANGLES  MOLECULES   TYPE NAME: SMIRKS                                 
    1 :          0          0 | 0: [*:1]~[*:2]~[*:3]                              
    2 :       1499         42 | 9592: [*:1]~[*;!H3:2]~[*:3]                       
TOTAL :       1499         42

Angle type hierarchy: will go HERE
Iteration 80 / 150
Attempting to create new subtype: '5070' ([#1R1:1]~[*;!H3:2]~[*:3]) from parent type '9592' ([*:1]~[*;!H3:2]~[*:3])
Type '5070' ([#1R1:1]~[*;!H3:2]~[*:3]) unused in dataset; rejecting.
Rejected.INDEX        ANGLES  MOLECULES   TYPE NAME: SMIRKS                                 
    1 :          0          0 | 0: [*:1]~[*:2]~[*:3]                              
    2 :       1499         42 | 9592: [*:1]~[*;!H3:2]~[*:3]                       
TOTAL :       1499         42

Angle type hierarchy: will go HERE
Iteration 81 / 150
Attempting to create new subtype: '4899' ([$ewg1&H0:1]~[*:2]~[*:3]) from parent type '0' ([*:1]~[*:2]~[*:3])
Proposal is valid...
Accepted.Iteration 82 / 150
Attempting to destroy type 4899 : [$ewg1&H0:1]~[*:2]~[*:3]...
Proposal is valid...
Accepted.Iteration 83 / 150
Attempting to create new subtype: '4507' ([*:1]~[*;!H3:2](:[$ewg2&!X4])~[*:3]) from parent type '9592' ([*:1]~[*;!H3:2]~[*:3])
Type '4507' ([*:1]~[*;!H3:2](:[$ewg2&!X4])~[*:3]) unused in dataset; rejecting.
Rejected.INDEX        ANGLES  MOLECULES   TYPE NAME: SMIRKS                                 
    1 :          0          0 | 0: [*:1]~[*:2]~[*:3]                              
    2 :       1499         42 | 9592: [*:1]~[*;!H3:2]~[*:3]                       
TOTAL :       1499         42

Angle type hierarchy: will go HERE
Iteration 84 / 150
Attempting to create new subtype: '7866' ([*:1]~[*;!H3:2]~[*:3]!#[#8r3]) from parent type '9592' ([*:1]~[*;!H3:2]~[*:3])
Type '7866' ([*:1]~[*;!H3:2]~[*:3]!#[#8r3]) unused in dataset; rejecting.
Rejected.INDEX        ANGLES  MOLECULES   TYPE NAME: SMIRKS                                 
    1 :          0          0 | 0: [*:1]~[*:2]~[*:3]                              
    2 :       1499         42 | 9592: [*:1]~[*;!H3:2]~[*:3]                       
TOTAL :       1499         42

Angle type hierarchy: will go HERE
Iteration 85 / 150
Attempting to destroy type 0 : [*:1]~[*:2]~[*:3]...
Destruction rejected for type 0 because this is a generic type which was initially populated.
Rejected.INDEX        ANGLES  MOLECULES   TYPE NAME: SMIRKS                                 
    1 :          0          0 | 0: [*:1]~[*:2]~[*:3]                              
    2 :       1499         42 | 9592: [*:1]~[*;!H3:2]~[*:3]                       
TOTAL :       1499         42

Angle type hierarchy: will go HERE
Iteration 86 / 150
Attempting to destroy type 0 : [*:1]~[*:2]~[*:3]...
Destruction rejected for type 0 because this is a generic type which was initially populated.
Rejected.INDEX        ANGLES  MOLECULES   TYPE NAME: SMIRKS                                 
    1 :          0          0 | 0: [*:1]~[*:2]~[*:3]                              
    2 :       1499         42 | 9592: [*:1]~[*;!H3:2]~[*:3]                       
TOTAL :       1499         42

Angle type hierarchy: will go HERE
Iteration 87 / 150
Attempting to create new subtype: '6428' ([*:1]~[*:2]~[*:3]) from parent type '9592' ([*:1]~[*;!H3:2]~[*:3])
Parent type '9592' ([*:1]~[*;!H3:2]~[*:3]) now unused in dataset; rejecting.
Rejected.INDEX        ANGLES  MOLECULES   TYPE NAME: SMIRKS                                 
    1 :          0          0 | 0: [*:1]~[*:2]~[*:3]                              
    2 :       1499         42 | 9592: [*:1]~[*;!H3:2]~[*:3]                       
TOTAL :       1499         42

Angle type hierarchy: will go HERE
Iteration 88 / 150
Attempting to create new subtype: '3598' ([*:1]~[*;!H3:2]~[*:3]:[$ewg1&!R2]) from parent type '9592' ([*:1]~[*;!H3:2]~[*:3])
Type '3598' ([*:1]~[*;!H3:2]~[*:3]:[$ewg1&!R2]) unused in dataset; rejecting.
Rejected.INDEX        ANGLES  MOLECULES   TYPE NAME: SMIRKS                                 
    1 :          0          0 | 0: [*:1]~[*:2]~[*:3]                              
    2 :       1499         42 | 9592: [*:1]~[*;!H3:2]~[*:3]                       
TOTAL :       1499         42

Angle type hierarchy: will go HERE
Iteration 89 / 150
Attempting to create new subtype: '9691' ([*:1]~[*;R0:2]~[*:3]) from parent type '0' ([*:1]~[*:2]~[*:3])
Proposal is valid...
Accepted.Iteration 90 / 150
Attempting to destroy type 9592 : [*:1]~[*;!H3:2]~[*:3]...
Proposal is valid...
Accepted.Iteration 91 / 150
Attempting to destroy type 9691 : [*:1]~[*;R0:2]~[*:3]...
Proposal is valid...
Accepted.Iteration 92 / 150
Attempting to create new subtype: '8418' ([*:1]~[*:2]~[*:3]=[#6+1]) from parent type '0' ([*:1]~[*:2]~[*:3])
Type '8418' ([*:1]~[*:2]~[*:3]=[#6+1]) unused in dataset; rejecting.
Rejected.INDEX        ANGLES  MOLECULES   TYPE NAME: SMIRKS                                 
    1 :       1499         42 | 0: [*:1]~[*:2]~[*:3]                              
TOTAL :       1499         42

Angle type hierarchy: will go HERE
Iteration 93 / 150
Attempting to destroy type 0 : [*:1]~[*:2]~[*:3]...
Destruction rejected for type 0 because this is a generic type which was initially populated.
Rejected.INDEX        ANGLES  MOLECULES   TYPE NAME: SMIRKS                                 
    1 :       1499         42 | 0: [*:1]~[*:2]~[*:3]                              
TOTAL :       1499         42

Angle type hierarchy: will go HERE
Iteration 94 / 150
Attempting to destroy type 0 : [*:1]~[*:2]~[*:3]...
Destruction rejected for type 0 because this is a generic type which was initially populated.
Rejected.INDEX        ANGLES  MOLECULES   TYPE NAME: SMIRKS                                 
    1 :       1499         42 | 0: [*:1]~[*:2]~[*:3]                              
TOTAL :       1499         42

Angle type hierarchy: will go HERE
Iteration 95 / 150
Attempting to create new subtype: '7856' ([*:1]~[*;R:2]~[*:3]) from parent type '0' ([*:1]~[*:2]~[*:3])
Proposal is valid...
Accepted.Iteration 96 / 150
Attempting to create new subtype: '3161' ([*:1]~[*:2]~[$ewg1&+1:3]) from parent type '0' ([*:1]~[*:2]~[*:3])
Type '3161' ([*:1]~[*:2]~[$ewg1&+1:3]) unused in dataset; rejecting.
Rejected.INDEX        ANGLES  MOLECULES   TYPE NAME: SMIRKS                                 
    1 :         68         42 | 0: [*:1]~[*:2]~[*:3]                              
    2 :       1431         42 | 7856: [*:1]~[*;R:2]~[*:3]                         
TOTAL :       1499         42

Angle type hierarchy: will go HERE
Iteration 97 / 150
Attempting to destroy type 0 : [*:1]~[*:2]~[*:3]...
Destruction rejected for type 0 because this is a generic type which was initially populated.
Rejected.INDEX        ANGLES  MOLECULES   TYPE NAME: SMIRKS                                 
    1 :         68         42 | 0: [*:1]~[*:2]~[*:3]                              
    2 :       1431         42 | 7856: [*:1]~[*;R:2]~[*:3]                         
TOTAL :       1499         42

Angle type hierarchy: will go HERE
Iteration 98 / 150
Attempting to create new subtype: '2285' ([*:1]~[*;R:2]~[*;R0:3]) from parent type '7856' ([*:1]~[*;R:2]~[*:3])
Proposal is valid...
Accepted.Iteration 99 / 150
Attempting to create new subtype: '9279' ([*:1]~[*;R:2]~[*;X3:3]) from parent type '2285' ([*:1]~[*;R:2]~[*;R0:3])
Type '9279' ([*:1]~[*;R:2]~[*;X3:3]) unused in dataset; rejecting.
Rejected.INDEX        ANGLES  MOLECULES   TYPE NAME: SMIRKS                                 
    1 :         68         42 | 0: [*:1]~[*:2]~[*:3]                              
    2 :        271         42 | 7856: [*:1]~[*;R:2]~[*:3]                         
    3 :       1160         42 | 2285: [*:1]~[*;R:2]~[*;R0:3]                      
TOTAL :       1499         42

Angle type hierarchy: will go HERE
Iteration 100 / 150
Attempting to create new subtype: '4146' ([*:1]~[*:2](=[#8+0])~[*:3]) from parent type '0' ([*:1]~[*:2]~[*:3])
Type '4146' ([*:1]~[*:2](=[#8+0])~[*:3]) unused in dataset; rejecting.
Rejected.INDEX        ANGLES  MOLECULES   TYPE NAME: SMIRKS                                 
    1 :         68         42 | 0: [*:1]~[*:2]~[*:3]                              
    2 :        271         42 | 7856: [*:1]~[*;R:2]~[*:3]                         
    3 :       1160         42 | 2285: [*:1]~[*;R:2]~[*;R0:3]                      
TOTAL :       1499         42

Angle type hierarchy: will go HERE
Iteration 101 / 150
Attempting to destroy type 0 : [*:1]~[*:2]~[*:3]...
Destruction rejected for type 0 because this is a generic type which was initially populated.
Rejected.INDEX        ANGLES  MOLECULES   TYPE NAME: SMIRKS                                 
    1 :         68         42 | 0: [*:1]~[*:2]~[*:3]                              
    2 :        271         42 | 7856: [*:1]~[*;R:2]~[*:3]                         
    3 :       1160         42 | 2285: [*:1]~[*;R:2]~[*;R0:3]                      
TOTAL :       1499         42

Angle type hierarchy: will go HERE
Iteration 102 / 150
Attempting to destroy type 0 : [*:1]~[*:2]~[*:3]...
Destruction rejected for type 0 because this is a generic type which was initially populated.
Rejected.INDEX        ANGLES  MOLECULES   TYPE NAME: SMIRKS                                 
    1 :         68         42 | 0: [*:1]~[*:2]~[*:3]                              
    2 :        271         42 | 7856: [*:1]~[*;R:2]~[*:3]                         
    3 :       1160         42 | 2285: [*:1]~[*;R:2]~[*;R0:3]                      
TOTAL :       1499         42

Angle type hierarchy: will go HERE
Iteration 103 / 150
Attempting to create new subtype: '8362' ([*;!X2:1]~[*;R:2]~[*;R0:3]) from parent type '2285' ([*:1]~[*;R:2]~[*;R0:3])
Proposal is valid...
Accepted.Iteration 104 / 150
Attempting to create new subtype: '1186' ([*:1]~[*;R:2]~[*;H3:3]) from parent type '7856' ([*:1]~[*;R:2]~[*:3])
Type '1186' ([*:1]~[*;R:2]~[*;H3:3]) unused in dataset; rejecting.
Rejected.INDEX        ANGLES  MOLECULES   TYPE NAME: SMIRKS                                 
    1 :         68         42 | 0: [*:1]~[*:2]~[*:3]                              
    2 :        271         42 | 7856: [*:1]~[*;R:2]~[*:3]                         
    3 :        156         30 | 2285: [*:1]~[*;R:2]~[*;R0:3]                      
    4 :       1004         42 | 8362: [*;!X2:1]~[*;R:2]~[*;R0:3]                  
TOTAL :       1499         42

Angle type hierarchy: will go HERE
Iteration 105 / 150
Attempting to destroy type 2285 : [*:1]~[*;R:2]~[*;R0:3]...
Proposal is valid...
Accepted.Iteration 106 / 150
Attempting to destroy type 8362 : [*;!X2:1]~[*;R:2]~[*;R0:3]...
Proposal is valid...
Accepted.Iteration 107 / 150
Attempting to create new subtype: '9470' ([*:1]~[*:2]~[*:3]:[#6!R3]) from parent type '0' ([*:1]~[*:2]~[*:3])
Type '9470' ([*:1]~[*:2]~[*:3]:[#6!R3]) unused in dataset; rejecting.
Rejected.INDEX        ANGLES  MOLECULES   TYPE NAME: SMIRKS                                 
    1 :         68         42 | 0: [*:1]~[*:2]~[*:3]                              
    2 :       1431         42 | 7856: [*:1]~[*;R:2]~[*:3]                         
TOTAL :       1499         42

Angle type hierarchy: will go HERE
Iteration 108 / 150
Attempting to create new subtype: '4285' ([*:1]~[*:2]~[*;H0:3]) from parent type '0' ([*:1]~[*:2]~[*:3])
Proposal is valid...
Accepted.Iteration 109 / 150
Attempting to create new subtype: '4864' ([*;R3:1]~[*;R:2]~[*:3]) from parent type '7856' ([*:1]~[*;R:2]~[*:3])
Type '4864' ([*;R3:1]~[*;R:2]~[*:3]) unused in dataset; rejecting.
Rejected.INDEX        ANGLES  MOLECULES   TYPE NAME: SMIRKS                                 
    1 :          0          0 | 0: [*:1]~[*:2]~[*:3]                              
    2 :        302         42 | 7856: [*:1]~[*;R:2]~[*:3]                         
    3 :       1197         42 | 4285: [*:1]~[*:2]~[*;H0:3]                        
TOTAL :       1499         42

Angle type hierarchy: will go HERE
Iteration 110 / 150
Attempting to create new subtype: '6768' ([$ewg2&X1:1]~[*:2]~[*;H0:3]) from parent type '4285' ([*:1]~[*:2]~[*;H0:3])
Type '6768' ([$ewg2&X1:1]~[*:2]~[*;H0:3]) unused in dataset; rejecting.
Rejected.INDEX        ANGLES  MOLECULES   TYPE NAME: SMIRKS                                 
    1 :          0          0 | 0: [*:1]~[*:2]~[*:3]                              
    2 :        302         42 | 7856: [*:1]~[*;R:2]~[*:3]                         
    3 :       1197         42 | 4285: [*:1]~[*:2]~[*;H0:3]                        
TOTAL :       1499         42

Angle type hierarchy: will go HERE
Iteration 111 / 150
Attempting to create new subtype: '1688' ([#1r4:1]~[*:2]~[*:3]) from parent type '0' ([*:1]~[*:2]~[*:3])
Type '1688' ([#1r4:1]~[*:2]~[*:3]) unused in dataset; rejecting.
Rejected.INDEX        ANGLES  MOLECULES   TYPE NAME: SMIRKS                                 
    1 :          0          0 | 0: [*:1]~[*:2]~[*:3]                              
    2 :        302         42 | 7856: [*:1]~[*;R:2]~[*:3]                         
    3 :       1197         42 | 4285: [*:1]~[*:2]~[*;H0:3]                        
TOTAL :       1499         42

Angle type hierarchy: will go HERE
Iteration 112 / 150
Attempting to destroy type 7856 : [*:1]~[*;R:2]~[*:3]...
Proposal is valid...
Accepted.Iteration 113 / 150
Attempting to create new subtype: '3900' ([*:1]~[*:2](!-[#8r3])~[*;H0:3]) from parent type '4285' ([*:1]~[*:2]~[*;H0:3])
Type '3900' ([*:1]~[*:2](!-[#8r3])~[*;H0:3]) unused in dataset; rejecting.
Rejected.INDEX        ANGLES  MOLECULES   TYPE NAME: SMIRKS                                 
    1 :        302         42 | 0: [*:1]~[*:2]~[*:3]                              
    2 :       1197         42 | 4285: [*:1]~[*:2]~[*;H0:3]                        
TOTAL :       1499         42

Angle type hierarchy: will go HERE
Iteration 114 / 150
Attempting to create new subtype: '7081' ([*:1]~[*:2]~[#8!R0:3]) from parent type '0' ([*:1]~[*:2]~[*:3])
Proposal is valid...
Accepted.Iteration 115 / 150
Attempting to destroy type 4285 : [*:1]~[*:2]~[*;H0:3]...
Proposal is valid...
Accepted.Iteration 116 / 150
Attempting to destroy type 7081 : [*:1]~[*:2]~[#8!R0:3]...
Proposal is valid...
Accepted.Iteration 117 / 150
Attempting to destroy type 0 : [*:1]~[*:2]~[*:3]...
Destruction rejected for type 0 because this is a generic type which was initially populated.
Rejected.INDEX        ANGLES  MOLECULES   TYPE NAME: SMIRKS                                 
    1 :       1499         42 | 0: [*:1]~[*:2]~[*:3]                              
TOTAL :       1499         42

Angle type hierarchy: will go HERE
Iteration 118 / 150
Attempting to create new subtype: '5247' ([*:1]~[*;+1:2]~[*:3]) from parent type '0' ([*:1]~[*:2]~[*:3])
Type '5247' ([*:1]~[*;+1:2]~[*:3]) unused in dataset; rejecting.
Rejected.INDEX        ANGLES  MOLECULES   TYPE NAME: SMIRKS                                 
    1 :       1499         42 | 0: [*:1]~[*:2]~[*:3]                              
TOTAL :       1499         42

Angle type hierarchy: will go HERE
Iteration 119 / 150
Attempting to create new subtype: '7119' ([*:1]~[*:2](-[#6R0])~[*:3]) from parent type '0' ([*:1]~[*:2]~[*:3])
Type '7119' ([*:1]~[*:2](-[#6R0])~[*:3]) unused in dataset; rejecting.
Rejected.INDEX        ANGLES  MOLECULES   TYPE NAME: SMIRKS                                 
    1 :       1499         42 | 0: [*:1]~[*:2]~[*:3]                              
TOTAL :       1499         42

Angle type hierarchy: will go HERE
Iteration 120 / 150
Attempting to destroy type 0 : [*:1]~[*:2]~[*:3]...
Destruction rejected for type 0 because this is a generic type which was initially populated.
Rejected.INDEX        ANGLES  MOLECULES   TYPE NAME: SMIRKS                                 
    1 :       1499         42 | 0: [*:1]~[*:2]~[*:3]                              
TOTAL :       1499         42

Angle type hierarchy: will go HERE
Iteration 121 / 150
Attempting to destroy type 0 : [*:1]~[*:2]~[*:3]...
Destruction rejected for type 0 because this is a generic type which was initially populated.
Rejected.INDEX        ANGLES  MOLECULES   TYPE NAME: SMIRKS                                 
    1 :       1499         42 | 0: [*:1]~[*:2]~[*:3]                              
TOTAL :       1499         42

Angle type hierarchy: will go HERE
Iteration 122 / 150
Attempting to destroy type 0 : [*:1]~[*:2]~[*:3]...
Destruction rejected for type 0 because this is a generic type which was initially populated.
Rejected.INDEX        ANGLES  MOLECULES   TYPE NAME: SMIRKS                                 
    1 :       1499         42 | 0: [*:1]~[*:2]~[*:3]                              
TOTAL :       1499         42

Angle type hierarchy: will go HERE
Iteration 123 / 150
Attempting to destroy type 0 : [*:1]~[*:2]~[*:3]...
Destruction rejected for type 0 because this is a generic type which was initially populated.
Rejected.INDEX        ANGLES  MOLECULES   TYPE NAME: SMIRKS                                 
    1 :       1499         42 | 0: [*:1]~[*:2]~[*:3]                              
TOTAL :       1499         42

Angle type hierarchy: will go HERE
Iteration 124 / 150
Attempting to destroy type 0 : [*:1]~[*:2]~[*:3]...
Destruction rejected for type 0 because this is a generic type which was initially populated.
Rejected.INDEX        ANGLES  MOLECULES   TYPE NAME: SMIRKS                                 
    1 :       1499         42 | 0: [*:1]~[*:2]~[*:3]                              
TOTAL :       1499         42

Angle type hierarchy: will go HERE
Iteration 125 / 150
Attempting to destroy type 0 : [*:1]~[*:2]~[*:3]...
Destruction rejected for type 0 because this is a generic type which was initially populated.
Rejected.INDEX        ANGLES  MOLECULES   TYPE NAME: SMIRKS                                 
    1 :       1499         42 | 0: [*:1]~[*:2]~[*:3]                              
TOTAL :       1499         42

Angle type hierarchy: will go HERE
Iteration 126 / 150
Attempting to destroy type 0 : [*:1]~[*:2]~[*:3]...
Destruction rejected for type 0 because this is a generic type which was initially populated.
Rejected.INDEX        ANGLES  MOLECULES   TYPE NAME: SMIRKS                                 
    1 :       1499         42 | 0: [*:1]~[*:2]~[*:3]                              
TOTAL :       1499         42

Angle type hierarchy: will go HERE
Iteration 127 / 150
Attempting to destroy type 0 : [*:1]~[*:2]~[*:3]...
Destruction rejected for type 0 because this is a generic type which was initially populated.
Rejected.INDEX        ANGLES  MOLECULES   TYPE NAME: SMIRKS                                 
    1 :       1499         42 | 0: [*:1]~[*:2]~[*:3]                              
TOTAL :       1499         42

Angle type hierarchy: will go HERE
Iteration 128 / 150
Attempting to create new subtype: '2378' ([*:1]~[*:2]~[#6r4:3]) from parent type '0' ([*:1]~[*:2]~[*:3])
Proposal is valid...
Accepted.Iteration 129 / 150
Attempting to destroy type 2378 : [*:1]~[*:2]~[#6r4:3]...
Proposal is valid...
Accepted.Iteration 130 / 150
Attempting to destroy type 0 : [*:1]~[*:2]~[*:3]...
Destruction rejected for type 0 because this is a generic type which was initially populated.
Rejected.INDEX        ANGLES  MOLECULES   TYPE NAME: SMIRKS                                 
    1 :       1499         42 | 0: [*:1]~[*:2]~[*:3]                              
TOTAL :       1499         42

Angle type hierarchy: will go HERE
Iteration 131 / 150
Attempting to destroy type 0 : [*:1]~[*:2]~[*:3]...
Destruction rejected for type 0 because this is a generic type which was initially populated.
Rejected.INDEX        ANGLES  MOLECULES   TYPE NAME: SMIRKS                                 
    1 :       1499         42 | 0: [*:1]~[*:2]~[*:3]                              
TOTAL :       1499         42

Angle type hierarchy: will go HERE
Iteration 132 / 150
Attempting to create new subtype: '2080' ([*:1]~[*:2](#[#6!H0])~[*:3]) from parent type '0' ([*:1]~[*:2]~[*:3])
Type '2080' ([*:1]~[*:2](#[#6!H0])~[*:3]) unused in dataset; rejecting.
Rejected.INDEX        ANGLES  MOLECULES   TYPE NAME: SMIRKS                                 
    1 :       1499         42 | 0: [*:1]~[*:2]~[*:3]                              
TOTAL :       1499         42

Angle type hierarchy: will go HERE
Iteration 133 / 150
Attempting to create new subtype: '4919' ([*:1]~[*:2](=[$ewg2&!X2])~[*:3]) from parent type '0' ([*:1]~[*:2]~[*:3])
Type '4919' ([*:1]~[*:2](=[$ewg2&!X2])~[*:3]) unused in dataset; rejecting.
Rejected.INDEX        ANGLES  MOLECULES   TYPE NAME: SMIRKS                                 
    1 :       1499         42 | 0: [*:1]~[*:2]~[*:3]                              
TOTAL :       1499         42

Angle type hierarchy: will go HERE
Iteration 134 / 150
Attempting to create new subtype: '3719' ([#1A:1]~[*:2]~[*:3]) from parent type '0' ([*:1]~[*:2]~[*:3])
Proposal is valid...
Accepted.Iteration 135 / 150
Attempting to create new subtype: '6524' ([*:1]~[*:2]~[#1H0:3]) from parent type '0' ([*:1]~[*:2]~[*:3])
Proposal is valid...
Accepted.Iteration 136 / 150
Attempting to destroy type 0 : [*:1]~[*:2]~[*:3]...
Destruction rejected for type 0 because this is a generic type which was initially populated.
Rejected.INDEX        ANGLES  MOLECULES   TYPE NAME: SMIRKS                                 
    1 :        407         42 | 0: [*:1]~[*:2]~[*:3]                              
    2 :          0          0 | 3719: [#1A:1]~[*:2]~[*:3]                         
    3 :       1092         42 | 6524: [*:1]~[*:2]~[#1H0:3]                        
TOTAL :       1499         42

Angle type hierarchy: will go HERE
Iteration 137 / 150
Attempting to destroy type 3719 : [#1A:1]~[*:2]~[*:3]...
Proposal is valid...
Accepted.Iteration 138 / 150
Attempting to destroy type 0 : [*:1]~[*:2]~[*:3]...
Destruction rejected for type 0 because this is a generic type which was initially populated.
Rejected.INDEX        ANGLES  MOLECULES   TYPE NAME: SMIRKS                                 
    1 :        407         42 | 0: [*:1]~[*:2]~[*:3]                              
    2 :       1092         42 | 6524: [*:1]~[*:2]~[#1H0:3]                        
TOTAL :       1499         42

Angle type hierarchy: will go HERE
Iteration 139 / 150
Attempting to destroy type 0 : [*:1]~[*:2]~[*:3]...
Destruction rejected for type 0 because this is a generic type which was initially populated.
Rejected.INDEX        ANGLES  MOLECULES   TYPE NAME: SMIRKS                                 
    1 :        407         42 | 0: [*:1]~[*:2]~[*:3]                              
    2 :       1092         42 | 6524: [*:1]~[*:2]~[#1H0:3]                        
TOTAL :       1499         42

Angle type hierarchy: will go HERE
Iteration 140 / 150
Attempting to create new subtype: '1742' ([#8!H0:1]~[*:2]~[#1H0:3]) from parent type '6524' ([*:1]~[*:2]~[#1H0:3])
Proposal is valid...
Accepted.Iteration 141 / 150
Attempting to create new subtype: '5165' ([#8!H0:1]~[*:2](~[#1H0:3])=[$ewg2&r3]) from parent type '1742' ([#8!H0:1]~[*:2]~[#1H0:3])
Type '5165' ([#8!H0:1]~[*:2](~[#1H0:3])=[$ewg2&r3]) unused in dataset; rejecting.
Rejected.INDEX        ANGLES  MOLECULES   TYPE NAME: SMIRKS                                 
    1 :        407         42 | 0: [*:1]~[*:2]~[*:3]                              
    2 :       1024         42 | 6524: [*:1]~[*:2]~[#1H0:3]                        
    3 :         68         42 | 1742: [#8!H0:1]~[*:2]~[#1H0:3]                    
TOTAL :       1499         42

Angle type hierarchy: will go HERE
Iteration 142 / 150
Attempting to destroy type 0 : [*:1]~[*:2]~[*:3]...
Destruction rejected for type 0 because this is a generic type which was initially populated.
Rejected.INDEX        ANGLES  MOLECULES   TYPE NAME: SMIRKS                                 
    1 :        407         42 | 0: [*:1]~[*:2]~[*:3]                              
    2 :       1024         42 | 6524: [*:1]~[*:2]~[#1H0:3]                        
    3 :         68         42 | 1742: [#8!H0:1]~[*:2]~[#1H0:3]                    
TOTAL :       1499         42

Angle type hierarchy: will go HERE
Iteration 143 / 150
Attempting to create new subtype: '6385' ([*:1]~[*:2](!=[#8X2])~[*:3]) from parent type '0' ([*:1]~[*:2]~[*:3])
Proposal is valid...
Accepted.Iteration 144 / 150
Attempting to destroy type 6385 : [*:1]~[*:2](!=[#8X2])~[*:3]...
Proposal is valid...
Accepted.Iteration 145 / 150
Attempting to destroy type 1742 : [#8!H0:1]~[*:2]~[#1H0:3]...
Proposal is valid...
Accepted.Iteration 146 / 150
Attempting to destroy type 0 : [*:1]~[*:2]~[*:3]...
Destruction rejected for type 0 because this is a generic type which was initially populated.
Rejected.INDEX        ANGLES  MOLECULES   TYPE NAME: SMIRKS                                 
    1 :        407         42 | 0: [*:1]~[*:2]~[*:3]                              
    2 :       1092         42 | 6524: [*:1]~[*:2]~[#1H0:3]                        
TOTAL :       1499         42

Angle type hierarchy: will go HERE
Iteration 147 / 150
Attempting to destroy type 0 : [*:1]~[*:2]~[*:3]...
Destruction rejected for type 0 because this is a generic type which was initially populated.
Rejected.INDEX        ANGLES  MOLECULES   TYPE NAME: SMIRKS                                 
    1 :        407         42 | 0: [*:1]~[*:2]~[*:3]                              
    2 :       1092         42 | 6524: [*:1]~[*:2]~[#1H0:3]                        
TOTAL :       1499         42

Angle type hierarchy: will go HERE
Iteration 148 / 150
Attempting to destroy type 0 : [*:1]~[*:2]~[*:3]...
Destruction rejected for type 0 because this is a generic type which was initially populated.
Rejected.INDEX        ANGLES  MOLECULES   TYPE NAME: SMIRKS                                 
    1 :        407         42 | 0: [*:1]~[*:2]~[*:3]                              
    2 :       1092         42 | 6524: [*:1]~[*:2]~[#1H0:3]                        
TOTAL :       1499         42

Angle type hierarchy: will go HERE
Iteration 149 / 150
Attempting to destroy type 0 : [*:1]~[*:2]~[*:3]...
Destruction rejected for type 0 because this is a generic type which was initially populated.
Rejected.INDEX        ANGLES  MOLECULES   TYPE NAME: SMIRKS                                 
    1 :        407         42 | 0: [*:1]~[*:2]~[*:3]                              
    2 :       1092         42 | 6524: [*:1]~[*:2]~[#1H0:3]                        
TOTAL :       1499         42

Angle type hierarchy: will go HERE
No reference SMIRFF specified, so skipping likelihood calculation.
Angle type matches:
Angle type hierarchy: will go HERE
